[2025-02-13T08:06:15.116+0000] {local_task_job_runner.py:123} INFO - ::group::Pre task execution logs
[2025-02-13T08:06:15.140+0000] {taskinstance.py:2613} INFO - Dependencies all met for dep_context=non-requeueable deps ti=<TaskInstance: Covid19_ETL.load_data manual__2025-02-13T08:05:44.686326+00:00 [queued]>
[2025-02-13T08:06:15.155+0000] {taskinstance.py:2613} INFO - Dependencies all met for dep_context=requeueable deps ti=<TaskInstance: Covid19_ETL.load_data manual__2025-02-13T08:05:44.686326+00:00 [queued]>
[2025-02-13T08:06:15.156+0000] {taskinstance.py:2866} INFO - Starting attempt 1 of 1
[2025-02-13T08:06:15.178+0000] {taskinstance.py:2889} INFO - Executing <Task(PythonOperator): load_data> on 2025-02-13 08:05:44.686326+00:00
[2025-02-13T08:06:15.188+0000] {warnings.py:112} WARNING - /home/***/.local/lib/python3.12/site-packages/***/task/task_runner/standard_task_runner.py:70: DeprecationWarning: This process (pid=596) is multi-threaded, use of fork() may lead to deadlocks in the child.
  pid = os.fork()

[2025-02-13T08:06:15.190+0000] {standard_task_runner.py:72} INFO - Started process 598 to run task
[2025-02-13T08:06:15.191+0000] {standard_task_runner.py:104} INFO - Running: ['***', 'tasks', 'run', 'Covid19_ETL', 'load_data', 'manual__2025-02-13T08:05:44.686326+00:00', '--job-id', '20', '--raw', '--subdir', 'DAGS_FOLDER/covid_19.py', '--cfg-path', '/tmp/tmpcqbgtk23']
[2025-02-13T08:06:15.197+0000] {standard_task_runner.py:105} INFO - Job 20: Subtask load_data
[2025-02-13T08:06:15.267+0000] {task_command.py:467} INFO - Running <TaskInstance: Covid19_ETL.load_data manual__2025-02-13T08:05:44.686326+00:00 [running]> on host 3b43358e3e84
[2025-02-13T08:06:15.597+0000] {taskinstance.py:3132} INFO - Exporting env vars: AIRFLOW_CTX_DAG_OWNER='***' AIRFLOW_CTX_DAG_ID='Covid19_ETL' AIRFLOW_CTX_TASK_ID='load_data' AIRFLOW_CTX_EXECUTION_DATE='2025-02-13T08:05:44.686326+00:00' AIRFLOW_CTX_TRY_NUMBER='1' AIRFLOW_CTX_DAG_RUN_ID='manual__2025-02-13T08:05:44.686326+00:00'
[2025-02-13T08:06:15.599+0000] {taskinstance.py:731} INFO - ::endgroup::
[2025-02-13T08:06:15.625+0000] {base.py:84} INFO - Retrieving connection 'postgres_conn'
[2025-02-13T08:06:15.685+0000] {warnings.py:112} WARNING - /opt/***/dags/covid_19.py:128: FutureWarning: Passing literal json to 'read_json' is deprecated and will be removed in a future version. To read from a literal string, wrap it in a 'StringIO' object.
  dim_date_details = pd.read_json(dim_date_json)

[2025-02-13T08:06:15.709+0000] {warnings.py:112} WARNING - /opt/***/dags/covid_19.py:131: FutureWarning: Passing literal json to 'read_json' is deprecated and will be removed in a future version. To read from a literal string, wrap it in a 'StringIO' object.
  dim_location_details = pd.read_json(dim_loc_json)

[2025-02-13T08:06:15.716+0000] {warnings.py:112} WARNING - /opt/***/dags/covid_19.py:132: FutureWarning: Passing literal json to 'read_json' is deprecated and will be removed in a future version. To read from a literal string, wrap it in a 'StringIO' object.
  fact_covid = pd.read_json(fact_covid_json)

[2025-02-13T08:06:15.878+0000] {python.py:240} INFO - Done. Returned value was: None
[2025-02-13T08:06:15.891+0000] {taskinstance.py:340} INFO - ::group::Post task execution logs
[2025-02-13T08:06:15.893+0000] {taskinstance.py:352} INFO - Marking task as SUCCESS. dag_id=Covid19_ETL, task_id=load_data, run_id=manual__2025-02-13T08:05:44.686326+00:00, execution_date=20250213T080544, start_date=20250213T080615, end_date=20250213T080615
[2025-02-13T08:06:15.936+0000] {local_task_job_runner.py:266} INFO - Task exited with return code 0
[2025-02-13T08:06:15.963+0000] {taskinstance.py:3895} INFO - 0 downstream tasks scheduled from follow-on schedule check
[2025-02-13T08:06:15.968+0000] {local_task_job_runner.py:245} INFO - ::endgroup::
