[2025-02-12T07:00:07.006+0000] {local_task_job_runner.py:123} INFO - ::group::Pre task execution logs
[2025-02-12T07:00:07.080+0000] {taskinstance.py:2613} INFO - Dependencies all met for dep_context=non-requeueable deps ti=<TaskInstance: Covid19.create_dim_date scheduled__2025-02-12T06:55:00+00:00 [queued]>
[2025-02-12T07:00:07.107+0000] {taskinstance.py:2613} INFO - Dependencies all met for dep_context=requeueable deps ti=<TaskInstance: Covid19.create_dim_date scheduled__2025-02-12T06:55:00+00:00 [queued]>
[2025-02-12T07:00:07.108+0000] {taskinstance.py:2866} INFO - Starting attempt 1 of 1
[2025-02-12T07:00:07.140+0000] {taskinstance.py:2889} INFO - Executing <Task(PostgresOperator): create_dim_date> on 2025-02-12 06:55:00+00:00
[2025-02-12T07:00:07.202+0000] {warnings.py:112} WARNING - /home/***/.local/lib/python3.12/site-packages/***/task/task_runner/standard_task_runner.py:70: DeprecationWarning: This process (pid=451) is multi-threaded, use of fork() may lead to deadlocks in the child.
  pid = os.fork()

[2025-02-12T07:00:07.277+0000] {standard_task_runner.py:72} INFO - Started process 454 to run task
[2025-02-12T07:00:07.280+0000] {standard_task_runner.py:104} INFO - Running: ['***', 'tasks', 'run', 'Covid19', 'create_dim_date', 'scheduled__2025-02-12T06:55:00+00:00', '--job-id', '40', '--raw', '--subdir', 'DAGS_FOLDER/covid_19.py', '--cfg-path', '/tmp/tmp67b0ucei']
[2025-02-12T07:00:07.332+0000] {standard_task_runner.py:105} INFO - Job 40: Subtask create_dim_date
[2025-02-12T07:00:07.910+0000] {task_command.py:467} INFO - Running <TaskInstance: Covid19.create_dim_date scheduled__2025-02-12T06:55:00+00:00 [running]> on host e0d8147cd68a
[2025-02-12T07:00:25.047+0000] {taskinstance.py:3132} INFO - Exporting env vars: AIRFLOW_CTX_DAG_OWNER='***' AIRFLOW_CTX_DAG_ID='Covid19' AIRFLOW_CTX_TASK_ID='create_dim_date' AIRFLOW_CTX_EXECUTION_DATE='2025-02-12T06:55:00+00:00' AIRFLOW_CTX_TRY_NUMBER='1' AIRFLOW_CTX_DAG_RUN_ID='scheduled__2025-02-12T06:55:00+00:00'
[2025-02-12T07:00:25.094+0000] {taskinstance.py:731} INFO - ::endgroup::
[2025-02-12T07:00:25.367+0000] {sql.py:278} INFO - Executing: 
        CREATE TABLE IF NOT EXISTS dim_date (
        date_id SERIAL PRIMARY KEY,
        date DATE NOT NULL,
        year INTEGER,
        month INTEGER,
        day INTEGER,
        weekday VARCHAR(10),
        is_weekend BOOLEAN
        );
        
[2025-02-12T07:00:25.445+0000] {base.py:84} INFO - Retrieving connection 'postgres_conn'
[2025-02-12T07:00:25.580+0000] {base.py:84} INFO - Retrieving connection 'postgres_conn'
[2025-02-12T07:00:25.645+0000] {sql.py:553} INFO - Running statement: 
        CREATE TABLE IF NOT EXISTS dim_date (
        date_id SERIAL PRIMARY KEY,
        date DATE NOT NULL,
        year INTEGER,
        month INTEGER,
        day INTEGER,
        weekday VARCHAR(10),
        is_weekend BOOLEAN
        );
        , parameters: None
[2025-02-12T07:00:25.804+0000] {taskinstance.py:340} INFO - ::group::Post task execution logs
[2025-02-12T07:00:25.812+0000] {taskinstance.py:352} INFO - Marking task as SUCCESS. dag_id=Covid19, task_id=create_dim_date, run_id=scheduled__2025-02-12T06:55:00+00:00, execution_date=20250212T065500, start_date=20250212T070007, end_date=20250212T070025
[2025-02-12T07:00:26.150+0000] {local_task_job_runner.py:266} INFO - Task exited with return code 0
[2025-02-12T07:00:26.257+0000] {local_task_job_runner.py:245} INFO - ::endgroup::
