[2025-02-13T08:06:12.400+0000] {local_task_job_runner.py:123} INFO - ::group::Pre task execution logs
[2025-02-13T08:06:12.419+0000] {taskinstance.py:2613} INFO - Dependencies all met for dep_context=non-requeueable deps ti=<TaskInstance: Covid19_ETL.transform_data manual__2025-02-13T08:05:44.686326+00:00 [queued]>
[2025-02-13T08:06:12.434+0000] {taskinstance.py:2613} INFO - Dependencies all met for dep_context=requeueable deps ti=<TaskInstance: Covid19_ETL.transform_data manual__2025-02-13T08:05:44.686326+00:00 [queued]>
[2025-02-13T08:06:12.435+0000] {taskinstance.py:2866} INFO - Starting attempt 1 of 1
[2025-02-13T08:06:12.453+0000] {taskinstance.py:2889} INFO - Executing <Task(PythonOperator): transform_data> on 2025-02-13 08:05:44.686326+00:00
[2025-02-13T08:06:12.463+0000] {warnings.py:112} WARNING - /home/***/.local/lib/python3.12/site-packages/***/task/task_runner/standard_task_runner.py:70: DeprecationWarning: This process (pid=592) is multi-threaded, use of fork() may lead to deadlocks in the child.
  pid = os.fork()

[2025-02-13T08:06:12.465+0000] {standard_task_runner.py:72} INFO - Started process 594 to run task
[2025-02-13T08:06:12.465+0000] {standard_task_runner.py:104} INFO - Running: ['***', 'tasks', 'run', 'Covid19_ETL', 'transform_data', 'manual__2025-02-13T08:05:44.686326+00:00', '--job-id', '19', '--raw', '--subdir', 'DAGS_FOLDER/covid_19.py', '--cfg-path', '/tmp/tmprquykws6']
[2025-02-13T08:06:12.468+0000] {standard_task_runner.py:105} INFO - Job 19: Subtask transform_data
[2025-02-13T08:06:12.523+0000] {task_command.py:467} INFO - Running <TaskInstance: Covid19_ETL.transform_data manual__2025-02-13T08:05:44.686326+00:00 [running]> on host 3b43358e3e84
[2025-02-13T08:06:12.895+0000] {taskinstance.py:3132} INFO - Exporting env vars: AIRFLOW_CTX_DAG_OWNER='***' AIRFLOW_CTX_DAG_ID='Covid19_ETL' AIRFLOW_CTX_TASK_ID='transform_data' AIRFLOW_CTX_EXECUTION_DATE='2025-02-13T08:05:44.686326+00:00' AIRFLOW_CTX_TRY_NUMBER='1' AIRFLOW_CTX_DAG_RUN_ID='manual__2025-02-13T08:05:44.686326+00:00'
[2025-02-13T08:06:12.897+0000] {taskinstance.py:731} INFO - ::endgroup::
[2025-02-13T08:06:12.929+0000] {warnings.py:112} WARNING - /opt/***/dags/covid_19.py:63: FutureWarning: Passing literal json to 'read_json' is deprecated and will be removed in a future version. To read from a literal string, wrap it in a 'StringIO' object.
  df = pd.read_json(raw_data)

[2025-02-13T08:06:13.044+0000] {python.py:240} INFO - Done. Returned value was: None
[2025-02-13T08:06:13.056+0000] {taskinstance.py:340} INFO - ::group::Post task execution logs
[2025-02-13T08:06:13.057+0000] {taskinstance.py:352} INFO - Marking task as SUCCESS. dag_id=Covid19_ETL, task_id=transform_data, run_id=manual__2025-02-13T08:05:44.686326+00:00, execution_date=20250213T080544, start_date=20250213T080612, end_date=20250213T080613
[2025-02-13T08:06:13.124+0000] {local_task_job_runner.py:266} INFO - Task exited with return code 0
[2025-02-13T08:06:13.162+0000] {taskinstance.py:3895} INFO - 1 downstream tasks scheduled from follow-on schedule check
[2025-02-13T08:06:13.168+0000] {local_task_job_runner.py:245} INFO - ::endgroup::
